2022-05-19_13-26-51 [main] INFO  o.s.b.t.c.SpringBootTestContextBootstrapper - Neither @ContextConfiguration nor @ContextHierarchy found for test class [com.authorization.AuthorizatiionMicroserviceApplicationTests], using SpringBootContextLoader
2022-05-19_13-26-51 [main] INFO  o.s.t.c.s.AbstractContextLoader - Could not detect default resource locations for test class [com.authorization.AuthorizatiionMicroserviceApplicationTests]: no resource found for suffixes {-context.xml, Context.groovy}.
2022-05-19_13-26-51 [main] INFO  o.s.t.c.s.AnnotationConfigContextLoaderUtils - Could not detect default configuration classes for test class [com.authorization.AuthorizatiionMicroserviceApplicationTests]: AuthorizatiionMicroserviceApplicationTests does not declare any static, non-private, non-final, nested classes annotated with @Configuration.
2022-05-19_13-26-51 [main] INFO  o.s.b.t.c.SpringBootTestContextBootstrapper - Found @SpringBootConfiguration com.authorization.AuthorizationMicroserviceApplication for test class com.authorization.AuthorizatiionMicroserviceApplicationTests
2022-05-19_13-26-51 [main] INFO  o.s.b.t.c.SpringBootTestContextBootstrapper - Loaded default TestExecutionListener class names from location [META-INF/spring.factories]: [org.springframework.security.test.context.support.WithSecurityContextTestExecutionListener, org.springframework.security.test.context.support.ReactorContextTestExecutionListener, org.springframework.test.context.web.ServletTestExecutionListener, org.springframework.test.context.support.DirtiesContextBeforeModesTestExecutionListener, org.springframework.test.context.event.ApplicationEventsTestExecutionListener, org.springframework.test.context.support.DependencyInjectionTestExecutionListener, org.springframework.test.context.support.DirtiesContextTestExecutionListener, org.springframework.test.context.transaction.TransactionalTestExecutionListener, org.springframework.test.context.jdbc.SqlScriptsTestExecutionListener, org.springframework.test.context.event.EventPublishingTestExecutionListener, org.springframework.boot.test.mock.mockito.MockitoTestExecutionListener, org.springframework.boot.test.mock.mockito.ResetMocksTestExecutionListener, org.springframework.boot.test.autoconfigure.restdocs.RestDocsTestExecutionListener, org.springframework.boot.test.autoconfigure.web.client.MockRestServiceServerResetTestExecutionListener, org.springframework.boot.test.autoconfigure.web.servlet.MockMvcPrintOnlyOnFailureTestExecutionListener, org.springframework.boot.test.autoconfigure.web.servlet.WebDriverTestExecutionListener, org.springframework.boot.test.autoconfigure.webservices.client.MockWebServiceServerTestExecutionListener]
2022-05-19_13-26-51 [main] INFO  o.s.b.t.c.SpringBootTestContextBootstrapper - Using TestExecutionListeners: [org.springframework.test.context.web.ServletTestExecutionListener@407cf41, org.springframework.test.context.support.DirtiesContextBeforeModesTestExecutionListener@6815c5f2, org.springframework.test.context.event.ApplicationEventsTestExecutionListener@46cc127b, org.springframework.boot.test.mock.mockito.MockitoTestExecutionListener@60094a13, org.springframework.boot.test.autoconfigure.SpringBootDependencyInjectionTestExecutionListener@5aceec94, org.springframework.test.context.support.DirtiesContextTestExecutionListener@1c32886a, org.springframework.test.context.transaction.TransactionalTestExecutionListener@3a4b0e5d, org.springframework.test.context.jdbc.SqlScriptsTestExecutionListener@10b892d5, org.springframework.security.test.context.support.WithSecurityContextTestExecutionListener@3d3f761a, org.springframework.test.context.event.EventPublishingTestExecutionListener@3546d80f, org.springframework.security.test.context.support.ReactorContextTestExecutionListener@579d011c, org.springframework.boot.test.mock.mockito.ResetMocksTestExecutionListener@3670f00, org.springframework.boot.test.autoconfigure.restdocs.RestDocsTestExecutionListener@452e26d0, org.springframework.boot.test.autoconfigure.web.client.MockRestServiceServerResetTestExecutionListener@46ab18da, org.springframework.boot.test.autoconfigure.web.servlet.MockMvcPrintOnlyOnFailureTestExecutionListener@790174f2, org.springframework.boot.test.autoconfigure.web.servlet.WebDriverTestExecutionListener@42257bdd, org.springframework.boot.test.autoconfigure.webservices.client.MockWebServiceServerTestExecutionListener@7689ddef]
2022-05-19_13-27-20 [main] INFO  c.a.AuthorizatiionMicroserviceApplicationTests - Starting AuthorizatiionMicroserviceApplicationTests using Java 11.0.14.1 on DESKTOP-DAC986Q with PID 9572 (started by Elcot in E:\qa3\PMS-JAVA\Authorization-Microservice)
2022-05-19_13-27-20 [main] INFO  c.a.AuthorizatiionMicroserviceApplicationTests - No active profile set, falling back to default profiles: default
2022-05-19_13-27-20 [main] INFO  o.s.d.r.c.RepositoryConfigurationDelegate - Bootstrapping Spring Data JPA repositories in DEFAULT mode.
2022-05-19_13-27-20 [main] INFO  o.s.d.r.c.RepositoryConfigurationDelegate - Finished Spring Data repository scanning in 1314 ms. Found 1 JPA repository interfaces.
2022-05-19_13-27-20 [main] INFO  o.s.cloud.context.scope.GenericScope - BeanFactory id=676d5576-c6b4-3070-9457-fad833ab0c39
2022-05-19_13-27-20 [main] INFO  o.h.jpa.internal.util.LogHelper - HHH000204: Processing PersistenceUnitInfo [name: default]
2022-05-19_13-27-20 [main] INFO  org.hibernate.Version - HHH000412: Hibernate ORM core version 5.4.27.Final
2022-05-19_13-27-20 [main] INFO  o.h.annotations.common.Version - HCANN000001: Hibernate Commons Annotations {5.1.2.Final}
2022-05-19_13-27-20 [main] INFO  com.zaxxer.hikari.HikariDataSource - HikariPool-1 - Starting...
2022-05-19_13-27-20 [main] INFO  com.zaxxer.hikari.HikariDataSource - HikariPool-1 - Start completed.
2022-05-19_13-27-20 [main] INFO  org.hibernate.dialect.Dialect - HHH000400: Using dialect: org.hibernate.dialect.H2Dialect
2022-05-19_13-27-20 [main] INFO  o.h.e.t.j.p.i.JtaPlatformInitiator - HHH000490: Using JtaPlatform implementation: [org.hibernate.engine.transaction.jta.platform.internal.NoJtaPlatform]
2022-05-19_13-27-20 [main] INFO  o.s.o.j.LocalContainerEntityManagerFactoryBean - Initialized JPA EntityManagerFactory for persistence unit 'default'
2022-05-19_13-27-20 [main] INFO  o.s.b.a.h.H2ConsoleAutoConfiguration - H2 console available at '/h2-console'. Database available at 'jdbc:h2:mem:testdb'
2022-05-19_13-27-20 [main] INFO  o.s.b.a.e.web.EndpointLinksResolver - Exposing 2 endpoint(s) beneath base path '/actuator'
2022-05-19_13-27-20 [main] INFO  s.d.s.w.PropertySourcedRequestMappingHandlerMapping - Mapped URL path [/v2/api-docs] onto method [springfox.documentation.swagger2.web.Swagger2Controller#getDocumentation(String, HttpServletRequest)]
2022-05-19_13-27-20 [main] INFO  o.s.s.web.DefaultSecurityFilterChain - Will secure any request with [org.springframework.security.web.context.request.async.WebAsyncManagerIntegrationFilter@a47a011, org.springframework.security.web.context.SecurityContextPersistenceFilter@64404db6, org.springframework.security.web.header.HeaderWriterFilter@24673720, org.springframework.security.web.authentication.logout.LogoutFilter@10cf3e4f, com.authorization.config.JwtRequestFilter@2dc72c0c, org.springframework.security.web.savedrequest.RequestCacheAwareFilter@4dfbe8c2, org.springframework.security.web.servletapi.SecurityContextHolderAwareRequestFilter@2cc7b63d, org.springframework.security.web.authentication.AnonymousAuthenticationFilter@6441da2c, org.springframework.security.web.session.SessionManagementFilter@497cf31a, org.springframework.security.web.access.ExceptionTranslationFilter@6b4376e1, org.springframework.security.web.access.intercept.FilterSecurityInterceptor@49a0fe14]
2022-05-19_13-27-20 [main] INFO  o.s.s.c.ThreadPoolTaskExecutor - Initializing ExecutorService 'applicationTaskExecutor'
2022-05-19_13-27-20 [main] INFO  o.s.cloud.commons.util.InetUtils - Cannot determine local hostname
2022-05-19_13-27-20 [main] INFO  s.d.s.w.p.DocumentationPluginsBootstrapper - Context refreshed
2022-05-19_13-27-20 [main] INFO  s.d.s.w.p.DocumentationPluginsBootstrapper - Found 1 custom documentation plugin(s)
2022-05-19_13-27-20 [main] INFO  s.d.s.w.s.ApiListingReferenceScanner - Scanning for api listing references
2022-05-19_13-27-20 [main] INFO  s.d.s.w.r.o.CachingOperationNameGenerator - Generating unique operation named: handleUsingGET_1
2022-05-19_13-27-20 [main] INFO  s.d.s.w.r.o.CachingOperationNameGenerator - Generating unique operation named: handleUsingGET_2
2022-05-19_13-27-20 [main] INFO  c.a.AuthorizatiionMicroserviceApplicationTests - Started AuthorizatiionMicroserviceApplicationTests in 253.417 seconds (JVM running for 317.181)
2022-05-19_13-31-40 [main] INFO  c.a.AuthorizationMicroserviceApplication - Starting AuthorizationMicroserviceApplication using Java 11.0.14.1 on DESKTOP-DAC986Q with PID 9572 (started by Elcot in E:\qa3\PMS-JAVA\Authorization-Microservice)
2022-05-19_13-31-40 [main] INFO  c.a.AuthorizationMicroserviceApplication - No active profile set, falling back to default profiles: default
2022-05-19_13-31-40 [main] INFO  o.s.d.r.c.RepositoryConfigurationDelegate - Bootstrapping Spring Data JPA repositories in DEFAULT mode.
2022-05-19_13-31-40 [main] INFO  o.s.d.r.c.RepositoryConfigurationDelegate - Finished Spring Data repository scanning in 185 ms. Found 1 JPA repository interfaces.
2022-05-19_13-31-40 [main] INFO  o.s.cloud.context.scope.GenericScope - BeanFactory id=b639aa71-aa2d-3892-a530-0d302c2a9984
2022-05-19_13-31-40 [main] INFO  o.s.b.w.e.tomcat.TomcatWebServer - Tomcat initialized with port(s): 8000 (http)
2022-05-19_13-31-40 [main] INFO  o.a.coyote.http11.Http11NioProtocol - Initializing ProtocolHandler ["http-nio-8000"]
2022-05-19_13-31-40 [main] INFO  o.a.catalina.core.StandardService - Starting service [Tomcat]
2022-05-19_13-31-40 [main] INFO  o.a.catalina.core.StandardEngine - Starting Servlet engine: [Apache Tomcat/9.0.41]
2022-05-19_13-31-40 [main] INFO  o.a.c.c.C.[.[localhost].[/auth] - Initializing Spring embedded WebApplicationContext
2022-05-19_13-31-40 [main] INFO  o.s.b.w.s.c.ServletWebServerApplicationContext - Root WebApplicationContext: initialization completed in 68828 ms
2022-05-19_13-31-40 [main] INFO  com.zaxxer.hikari.HikariDataSource - HikariPool-2 - Starting...
2022-05-19_13-31-40 [main] INFO  com.zaxxer.hikari.HikariDataSource - HikariPool-2 - Start completed.
2022-05-19_13-31-40 [main] INFO  o.s.b.a.h.H2ConsoleAutoConfiguration - H2 console available at '/h2-console'. Database available at 'jdbc:h2:mem:testdb'
2022-05-19_13-31-40 [main] INFO  o.h.jpa.internal.util.LogHelper - HHH000204: Processing PersistenceUnitInfo [name: default]
2022-05-19_13-31-40 [main] INFO  org.hibernate.dialect.Dialect - HHH000400: Using dialect: org.hibernate.dialect.H2Dialect
2022-05-19_13-31-40 [main] INFO  o.h.e.t.j.p.i.JtaPlatformInitiator - HHH000490: Using JtaPlatform implementation: [org.hibernate.engine.transaction.jta.platform.internal.NoJtaPlatform]
2022-05-19_13-31-40 [main] INFO  o.s.o.j.LocalContainerEntityManagerFactoryBean - Initialized JPA EntityManagerFactory for persistence unit 'default'
2022-05-19_13-31-40 [main] INFO  o.s.b.a.e.web.EndpointLinksResolver - Exposing 2 endpoint(s) beneath base path '/actuator'
2022-05-19_13-31-40 [main] INFO  s.d.s.w.PropertySourcedRequestMappingHandlerMapping - Mapped URL path [/v2/api-docs] onto method [springfox.documentation.swagger2.web.Swagger2Controller#getDocumentation(String, HttpServletRequest)]
2022-05-19_13-31-40 [main] INFO  o.s.s.web.DefaultSecurityFilterChain - Will secure any request with [org.springframework.security.web.context.request.async.WebAsyncManagerIntegrationFilter@3c05fb12, org.springframework.security.web.context.SecurityContextPersistenceFilter@e68c09d, org.springframework.security.web.header.HeaderWriterFilter@2f1e3e1c, org.springframework.security.web.authentication.logout.LogoutFilter@462b3fc7, com.authorization.config.JwtRequestFilter@2fd1f0e4, org.springframework.security.web.savedrequest.RequestCacheAwareFilter@6b7a96e1, org.springframework.security.web.servletapi.SecurityContextHolderAwareRequestFilter@35caab4c, org.springframework.security.web.authentication.AnonymousAuthenticationFilter@702f99a5, org.springframework.security.web.session.SessionManagementFilter@31f151ff, org.springframework.security.web.access.ExceptionTranslationFilter@5837b801, org.springframework.security.web.access.intercept.FilterSecurityInterceptor@5802572b]
2022-05-19_13-31-40 [main] INFO  o.s.s.c.ThreadPoolTaskExecutor - Initializing ExecutorService 'applicationTaskExecutor'
2022-05-19_13-31-40 [main] INFO  o.s.cloud.commons.util.InetUtils - Cannot determine local hostname
2022-05-19_13-31-40 [main] INFO  o.a.coyote.http11.Http11NioProtocol - Starting ProtocolHandler ["http-nio-8000"]
2022-05-19_13-31-40 [main] INFO  o.s.b.w.e.tomcat.TomcatWebServer - Tomcat started on port(s): 8000 (http) with context path '/auth'
2022-05-19_13-31-40 [main] INFO  o.s.cloud.commons.util.InetUtils - Cannot determine local hostname
2022-05-19_13-31-40 [main] INFO  s.d.s.w.p.DocumentationPluginsBootstrapper - Context refreshed
2022-05-19_13-31-40 [main] INFO  s.d.s.w.p.DocumentationPluginsBootstrapper - Found 1 custom documentation plugin(s)
2022-05-19_13-31-40 [main] INFO  s.d.s.w.s.ApiListingReferenceScanner - Scanning for api listing references
2022-05-19_13-31-40 [main] INFO  s.d.s.w.r.o.CachingOperationNameGenerator - Generating unique operation named: handleUsingGET_1
2022-05-19_13-31-40 [main] INFO  s.d.s.w.r.o.CachingOperationNameGenerator - Generating unique operation named: handleUsingGET_2
2022-05-19_13-31-40 [main] INFO  c.a.AuthorizationMicroserviceApplication - Started AuthorizationMicroserviceApplication in 110.481 seconds (JVM running for 433.264)
2022-05-19_13-31-40 [main] INFO  o.s.b.t.c.SpringBootTestContextBootstrapper - Neither @ContextConfiguration nor @ContextHierarchy found for test class [com.authorization.config.JwtTokenUtilTest], using SpringBootContextLoader
2022-05-19_13-31-40 [main] INFO  o.s.t.c.s.AbstractContextLoader - Could not detect default resource locations for test class [com.authorization.config.JwtTokenUtilTest]: no resource found for suffixes {-context.xml, Context.groovy}.
2022-05-19_13-31-40 [main] INFO  o.s.t.c.s.AnnotationConfigContextLoaderUtils - Could not detect default configuration classes for test class [com.authorization.config.JwtTokenUtilTest]: JwtTokenUtilTest does not declare any static, non-private, non-final, nested classes annotated with @Configuration.
2022-05-19_13-31-40 [main] INFO  o.s.b.t.c.SpringBootTestContextBootstrapper - Found @SpringBootConfiguration com.authorization.AuthorizationMicroserviceApplication for test class com.authorization.config.JwtTokenUtilTest
2022-05-19_13-31-40 [main] INFO  o.s.b.t.c.SpringBootTestContextBootstrapper - Loaded default TestExecutionListener class names from location [META-INF/spring.factories]: [org.springframework.security.test.context.support.WithSecurityContextTestExecutionListener, org.springframework.security.test.context.support.ReactorContextTestExecutionListener, org.springframework.test.context.web.ServletTestExecutionListener, org.springframework.test.context.support.DirtiesContextBeforeModesTestExecutionListener, org.springframework.test.context.event.ApplicationEventsTestExecutionListener, org.springframework.test.context.support.DependencyInjectionTestExecutionListener, org.springframework.test.context.support.DirtiesContextTestExecutionListener, org.springframework.test.context.transaction.TransactionalTestExecutionListener, org.springframework.test.context.jdbc.SqlScriptsTestExecutionListener, org.springframework.test.context.event.EventPublishingTestExecutionListener, org.springframework.boot.test.mock.mockito.MockitoTestExecutionListener, org.springframework.boot.test.mock.mockito.ResetMocksTestExecutionListener, org.springframework.boot.test.autoconfigure.restdocs.RestDocsTestExecutionListener, org.springframework.boot.test.autoconfigure.web.client.MockRestServiceServerResetTestExecutionListener, org.springframework.boot.test.autoconfigure.web.servlet.MockMvcPrintOnlyOnFailureTestExecutionListener, org.springframework.boot.test.autoconfigure.web.servlet.WebDriverTestExecutionListener, org.springframework.boot.test.autoconfigure.webservices.client.MockWebServiceServerTestExecutionListener]
2022-05-19_13-31-40 [main] INFO  o.s.b.t.c.SpringBootTestContextBootstrapper - Using TestExecutionListeners: [org.springframework.test.context.web.ServletTestExecutionListener@321f97d9, org.springframework.test.context.support.DirtiesContextBeforeModesTestExecutionListener@3a4e3343, org.springframework.test.context.event.ApplicationEventsTestExecutionListener@64e06cf0, org.springframework.boot.test.mock.mockito.MockitoTestExecutionListener@6e9d60e1, org.springframework.boot.test.autoconfigure.SpringBootDependencyInjectionTestExecutionListener@207283b4, org.springframework.test.context.support.DirtiesContextTestExecutionListener@6b6d68d2, org.springframework.test.context.transaction.TransactionalTestExecutionListener@c8d0ea3, org.springframework.test.context.jdbc.SqlScriptsTestExecutionListener@912fdbb, org.springframework.security.test.context.support.WithSecurityContextTestExecutionListener@3d49b00e, org.springframework.test.context.event.EventPublishingTestExecutionListener@3d62648d, org.springframework.security.test.context.support.ReactorContextTestExecutionListener@59fe8d94, org.springframework.boot.test.mock.mockito.ResetMocksTestExecutionListener@479f5c35, org.springframework.boot.test.autoconfigure.restdocs.RestDocsTestExecutionListener@37264d08, org.springframework.boot.test.autoconfigure.web.client.MockRestServiceServerResetTestExecutionListener@194e116d, org.springframework.boot.test.autoconfigure.web.servlet.MockMvcPrintOnlyOnFailureTestExecutionListener@3471bdfd, org.springframework.boot.test.autoconfigure.web.servlet.WebDriverTestExecutionListener@93231b2, org.springframework.boot.test.autoconfigure.webservices.client.MockWebServiceServerTestExecutionListener@cf97391]
2022-05-19_13-33-32 [main] INFO  c.a.config.JwtTokenUtilTest - Starting JwtTokenUtilTest using Java 11.0.14.1 on DESKTOP-DAC986Q with PID 9572 (started by Elcot in E:\qa3\PMS-JAVA\Authorization-Microservice)
2022-05-19_13-33-32 [main] INFO  c.a.config.JwtTokenUtilTest - No active profile set, falling back to default profiles: default
2022-05-19_13-33-32 [main] INFO  o.s.d.r.c.RepositoryConfigurationDelegate - Bootstrapping Spring Data JPA repositories in DEFAULT mode.
2022-05-19_13-33-32 [main] INFO  o.s.d.r.c.RepositoryConfigurationDelegate - Finished Spring Data repository scanning in 260 ms. Found 1 JPA repository interfaces.
2022-05-19_13-33-32 [main] INFO  o.s.cloud.context.scope.GenericScope - BeanFactory id=676d5576-c6b4-3070-9457-fad833ab0c39
2022-05-19_13-33-32 [main] INFO  o.h.jpa.internal.util.LogHelper - HHH000204: Processing PersistenceUnitInfo [name: default]
2022-05-19_13-33-32 [main] INFO  com.zaxxer.hikari.HikariDataSource - HikariPool-3 - Starting...
2022-05-19_13-33-32 [main] INFO  com.zaxxer.hikari.HikariDataSource - HikariPool-3 - Start completed.
2022-05-19_13-33-32 [main] INFO  org.hibernate.dialect.Dialect - HHH000400: Using dialect: org.hibernate.dialect.H2Dialect
2022-05-19_13-33-32 [main] INFO  o.h.e.t.j.p.i.JtaPlatformInitiator - HHH000490: Using JtaPlatform implementation: [org.hibernate.engine.transaction.jta.platform.internal.NoJtaPlatform]
2022-05-19_13-33-32 [main] INFO  o.s.o.j.LocalContainerEntityManagerFactoryBean - Initialized JPA EntityManagerFactory for persistence unit 'default'
2022-05-19_13-33-32 [main] INFO  o.s.b.a.h.H2ConsoleAutoConfiguration - H2 console available at '/h2-console'. Database available at 'jdbc:h2:mem:testdb'
2022-05-19_13-33-32 [main] INFO  o.s.b.a.e.web.EndpointLinksResolver - Exposing 2 endpoint(s) beneath base path '/actuator'
2022-05-19_13-33-32 [main] INFO  s.d.s.w.PropertySourcedRequestMappingHandlerMapping - Mapped URL path [/v2/api-docs] onto method [springfox.documentation.swagger2.web.Swagger2Controller#getDocumentation(String, HttpServletRequest)]
2022-05-19_13-33-32 [main] INFO  o.s.s.web.DefaultSecurityFilterChain - Will secure any request with [org.springframework.security.web.context.request.async.WebAsyncManagerIntegrationFilter@3d947adf, org.springframework.security.web.context.SecurityContextPersistenceFilter@224d6d02, org.springframework.security.web.header.HeaderWriterFilter@7e5b34c1, org.springframework.security.web.authentication.logout.LogoutFilter@6ec2108c, com.authorization.config.JwtRequestFilter@6f45872b, org.springframework.security.web.savedrequest.RequestCacheAwareFilter@4f38acf, org.springframework.security.web.servletapi.SecurityContextHolderAwareRequestFilter@23295bac, org.springframework.security.web.authentication.AnonymousAuthenticationFilter@668f0ee, org.springframework.security.web.session.SessionManagementFilter@2fc578cf, org.springframework.security.web.access.ExceptionTranslationFilter@3e03037f, org.springframework.security.web.access.intercept.FilterSecurityInterceptor@c2b7028]
2022-05-19_13-33-32 [main] INFO  o.s.s.c.ThreadPoolTaskExecutor - Initializing ExecutorService 'applicationTaskExecutor'
2022-05-19_13-33-32 [main] INFO  o.s.cloud.commons.util.InetUtils - Cannot determine local hostname
2022-05-19_13-33-32 [main] INFO  s.d.s.w.p.DocumentationPluginsBootstrapper - Context refreshed
2022-05-19_13-33-32 [main] INFO  s.d.s.w.p.DocumentationPluginsBootstrapper - Found 1 custom documentation plugin(s)
2022-05-19_13-33-32 [main] INFO  s.d.s.w.s.ApiListingReferenceScanner - Scanning for api listing references
2022-05-19_13-33-32 [main] INFO  s.d.s.w.r.o.CachingOperationNameGenerator - Generating unique operation named: handleUsingGET_1
2022-05-19_13-33-32 [main] INFO  s.d.s.w.r.o.CachingOperationNameGenerator - Generating unique operation named: handleUsingGET_2
2022-05-19_13-33-32 [main] INFO  c.a.config.JwtTokenUtilTest - Started JwtTokenUtilTest in 63.931 seconds (JVM running for 508.495)
2022-05-19_13-33-32 [main] INFO  o.s.b.t.c.SpringBootTestContextBootstrapper - Neither @ContextConfiguration nor @ContextHierarchy found for test class [com.authorization.controller.JwtAuthenticationControllerEndPointsTest], using SpringBootContextLoader
2022-05-19_13-33-32 [main] INFO  o.s.t.c.s.AbstractContextLoader - Could not detect default resource locations for test class [com.authorization.controller.JwtAuthenticationControllerEndPointsTest]: no resource found for suffixes {-context.xml, Context.groovy}.
2022-05-19_13-33-32 [main] INFO  o.s.t.c.s.AnnotationConfigContextLoaderUtils - Could not detect default configuration classes for test class [com.authorization.controller.JwtAuthenticationControllerEndPointsTest]: JwtAuthenticationControllerEndPointsTest does not declare any static, non-private, non-final, nested classes annotated with @Configuration.
2022-05-19_13-33-32 [main] INFO  o.s.b.t.c.SpringBootTestContextBootstrapper - Found @SpringBootConfiguration com.authorization.AuthorizationMicroserviceApplication for test class com.authorization.controller.JwtAuthenticationControllerEndPointsTest
2022-05-19_13-33-32 [main] INFO  o.s.b.t.c.SpringBootTestContextBootstrapper - Loaded default TestExecutionListener class names from location [META-INF/spring.factories]: [org.springframework.security.test.context.support.WithSecurityContextTestExecutionListener, org.springframework.security.test.context.support.ReactorContextTestExecutionListener, org.springframework.test.context.web.ServletTestExecutionListener, org.springframework.test.context.support.DirtiesContextBeforeModesTestExecutionListener, org.springframework.test.context.event.ApplicationEventsTestExecutionListener, org.springframework.test.context.support.DependencyInjectionTestExecutionListener, org.springframework.test.context.support.DirtiesContextTestExecutionListener, org.springframework.test.context.transaction.TransactionalTestExecutionListener, org.springframework.test.context.jdbc.SqlScriptsTestExecutionListener, org.springframework.test.context.event.EventPublishingTestExecutionListener, org.springframework.boot.test.mock.mockito.MockitoTestExecutionListener, org.springframework.boot.test.mock.mockito.ResetMocksTestExecutionListener, org.springframework.boot.test.autoconfigure.restdocs.RestDocsTestExecutionListener, org.springframework.boot.test.autoconfigure.web.client.MockRestServiceServerResetTestExecutionListener, org.springframework.boot.test.autoconfigure.web.servlet.MockMvcPrintOnlyOnFailureTestExecutionListener, org.springframework.boot.test.autoconfigure.web.servlet.WebDriverTestExecutionListener, org.springframework.boot.test.autoconfigure.webservices.client.MockWebServiceServerTestExecutionListener]
2022-05-19_13-33-32 [main] INFO  o.s.b.t.c.SpringBootTestContextBootstrapper - Using TestExecutionListeners: [org.springframework.test.context.web.ServletTestExecutionListener@6943e2d9, org.springframework.test.context.support.DirtiesContextBeforeModesTestExecutionListener@7499553f, org.springframework.test.context.event.ApplicationEventsTestExecutionListener@7d05e595, org.springframework.boot.test.mock.mockito.MockitoTestExecutionListener@64eb35bd, org.springframework.boot.test.autoconfigure.SpringBootDependencyInjectionTestExecutionListener@124856d3, org.springframework.test.context.support.DirtiesContextTestExecutionListener@2c46c908, org.springframework.test.context.transaction.TransactionalTestExecutionListener@7ebda858, org.springframework.test.context.jdbc.SqlScriptsTestExecutionListener@43462cef, org.springframework.security.test.context.support.WithSecurityContextTestExecutionListener@13e8149a, org.springframework.test.context.event.EventPublishingTestExecutionListener@9fc9166, org.springframework.security.test.context.support.ReactorContextTestExecutionListener@1a100769, org.springframework.boot.test.mock.mockito.ResetMocksTestExecutionListener@68437190, org.springframework.boot.test.autoconfigure.restdocs.RestDocsTestExecutionListener@3b5cf4c6, org.springframework.boot.test.autoconfigure.web.client.MockRestServiceServerResetTestExecutionListener@56c6256a, org.springframework.boot.test.autoconfigure.web.servlet.MockMvcPrintOnlyOnFailureTestExecutionListener@4c775b94, org.springframework.boot.test.autoconfigure.web.servlet.WebDriverTestExecutionListener@3fcb6c7b, org.springframework.boot.test.autoconfigure.webservices.client.MockWebServiceServerTestExecutionListener@63ed5580]
2022-05-19_13-35-27 [main] INFO  c.a.c.JwtAuthenticationControllerEndPointsTest - Starting JwtAuthenticationControllerEndPointsTest using Java 11.0.14.1 on DESKTOP-DAC986Q with PID 9572 (started by Elcot in E:\qa3\PMS-JAVA\Authorization-Microservice)
2022-05-19_13-35-27 [main] INFO  c.a.c.JwtAuthenticationControllerEndPointsTest - No active profile set, falling back to default profiles: default
2022-05-19_13-35-27 [main] INFO  o.s.d.r.c.RepositoryConfigurationDelegate - Bootstrapping Spring Data JPA repositories in DEFAULT mode.
2022-05-19_13-35-27 [main] INFO  o.s.d.r.c.RepositoryConfigurationDelegate - Finished Spring Data repository scanning in 91 ms. Found 1 JPA repository interfaces.
2022-05-19_13-35-27 [main] INFO  o.s.cloud.context.scope.GenericScope - BeanFactory id=4116599f-bfe8-30c6-a4eb-a8c6d923f807
2022-05-19_13-35-27 [main] INFO  o.h.jpa.internal.util.LogHelper - HHH000204: Processing PersistenceUnitInfo [name: default]
2022-05-19_13-35-27 [main] INFO  com.zaxxer.hikari.HikariDataSource - HikariPool-4 - Starting...
2022-05-19_13-35-27 [main] INFO  com.zaxxer.hikari.HikariDataSource - HikariPool-4 - Start completed.
2022-05-19_13-35-27 [main] INFO  org.hibernate.dialect.Dialect - HHH000400: Using dialect: org.hibernate.dialect.H2Dialect
2022-05-19_13-35-27 [main] INFO  o.h.e.t.j.p.i.JtaPlatformInitiator - HHH000490: Using JtaPlatform implementation: [org.hibernate.engine.transaction.jta.platform.internal.NoJtaPlatform]
2022-05-19_13-35-27 [main] INFO  o.s.o.j.LocalContainerEntityManagerFactoryBean - Initialized JPA EntityManagerFactory for persistence unit 'default'
2022-05-19_13-35-27 [main] INFO  o.s.b.a.h.H2ConsoleAutoConfiguration - H2 console available at '/h2-console'. Database available at 'jdbc:h2:mem:testdb'
2022-05-19_13-35-27 [main] INFO  o.s.b.a.e.web.EndpointLinksResolver - Exposing 2 endpoint(s) beneath base path '/actuator'
2022-05-19_13-35-27 [main] INFO  s.d.s.w.PropertySourcedRequestMappingHandlerMapping - Mapped URL path [/v2/api-docs] onto method [springfox.documentation.swagger2.web.Swagger2Controller#getDocumentation(String, HttpServletRequest)]
2022-05-19_13-35-27 [main] INFO  o.s.s.web.DefaultSecurityFilterChain - Will secure any request with [org.springframework.security.web.context.request.async.WebAsyncManagerIntegrationFilter@767e28e5, org.springframework.security.web.context.SecurityContextPersistenceFilter@332fac2e, org.springframework.security.web.header.HeaderWriterFilter@5d39ef56, org.springframework.security.web.authentication.logout.LogoutFilter@261be6cf, com.authorization.config.JwtRequestFilter@75e6907c, org.springframework.security.web.savedrequest.RequestCacheAwareFilter@4e1c256f, org.springframework.security.web.servletapi.SecurityContextHolderAwareRequestFilter@5c4d30a5, org.springframework.security.web.authentication.AnonymousAuthenticationFilter@50d0fb48, org.springframework.security.web.session.SessionManagementFilter@967b0a2, org.springframework.security.web.access.ExceptionTranslationFilter@5205f975, org.springframework.security.web.access.intercept.FilterSecurityInterceptor@71fc80df]
2022-05-19_13-35-27 [main] INFO  o.s.s.c.ThreadPoolTaskExecutor - Initializing ExecutorService 'applicationTaskExecutor'
2022-05-19_13-35-27 [main] INFO  o.s.b.t.m.w.SpringBootMockServletContext - Initializing Spring TestDispatcherServlet ''
2022-05-19_13-35-27 [main] INFO  o.s.t.w.s.TestDispatcherServlet - Initializing Servlet ''
2022-05-19_13-35-27 [main] INFO  o.s.t.w.s.TestDispatcherServlet - Completed initialization in 4 ms
2022-05-19_13-35-27 [main] INFO  o.s.cloud.commons.util.InetUtils - Cannot determine local hostname
2022-05-19_13-35-27 [main] INFO  s.d.s.w.p.DocumentationPluginsBootstrapper - Context refreshed
2022-05-19_13-35-27 [main] INFO  s.d.s.w.p.DocumentationPluginsBootstrapper - Found 1 custom documentation plugin(s)
2022-05-19_13-35-27 [main] INFO  s.d.s.w.s.ApiListingReferenceScanner - Scanning for api listing references
2022-05-19_13-35-27 [main] INFO  s.d.s.w.r.o.CachingOperationNameGenerator - Generating unique operation named: handleUsingGET_1
2022-05-19_13-35-27 [main] INFO  s.d.s.w.r.o.CachingOperationNameGenerator - Generating unique operation named: handleUsingGET_2
2022-05-19_13-35-27 [main] INFO  c.a.c.JwtAuthenticationControllerEndPointsTest - Started JwtAuthenticationControllerEndPointsTest in 24.035 seconds (JVM running for 585.675)
2022-05-19_13-35-27 [main] INFO  o.s.b.t.c.SpringBootTestContextBootstrapper - Neither @ContextConfiguration nor @ContextHierarchy found for test class [com.authorization.controller.JwtAuthenticationControllerTest], using SpringBootContextLoader
2022-05-19_13-35-27 [main] INFO  o.s.t.c.s.AbstractContextLoader - Could not detect default resource locations for test class [com.authorization.controller.JwtAuthenticationControllerTest]: no resource found for suffixes {-context.xml, Context.groovy}.
2022-05-19_13-35-27 [main] INFO  o.s.t.c.s.AnnotationConfigContextLoaderUtils - Could not detect default configuration classes for test class [com.authorization.controller.JwtAuthenticationControllerTest]: JwtAuthenticationControllerTest does not declare any static, non-private, non-final, nested classes annotated with @Configuration.
2022-05-19_13-35-27 [main] INFO  o.s.b.t.c.SpringBootTestContextBootstrapper - Found @SpringBootConfiguration com.authorization.AuthorizationMicroserviceApplication for test class com.authorization.controller.JwtAuthenticationControllerTest
2022-05-19_13-35-27 [main] INFO  o.s.b.t.c.SpringBootTestContextBootstrapper - Loaded default TestExecutionListener class names from location [META-INF/spring.factories]: [org.springframework.security.test.context.support.WithSecurityContextTestExecutionListener, org.springframework.security.test.context.support.ReactorContextTestExecutionListener, org.springframework.test.context.web.ServletTestExecutionListener, org.springframework.test.context.support.DirtiesContextBeforeModesTestExecutionListener, org.springframework.test.context.event.ApplicationEventsTestExecutionListener, org.springframework.test.context.support.DependencyInjectionTestExecutionListener, org.springframework.test.context.support.DirtiesContextTestExecutionListener, org.springframework.test.context.transaction.TransactionalTestExecutionListener, org.springframework.test.context.jdbc.SqlScriptsTestExecutionListener, org.springframework.test.context.event.EventPublishingTestExecutionListener, org.springframework.boot.test.mock.mockito.MockitoTestExecutionListener, org.springframework.boot.test.mock.mockito.ResetMocksTestExecutionListener, org.springframework.boot.test.autoconfigure.restdocs.RestDocsTestExecutionListener, org.springframework.boot.test.autoconfigure.web.client.MockRestServiceServerResetTestExecutionListener, org.springframework.boot.test.autoconfigure.web.servlet.MockMvcPrintOnlyOnFailureTestExecutionListener, org.springframework.boot.test.autoconfigure.web.servlet.WebDriverTestExecutionListener, org.springframework.boot.test.autoconfigure.webservices.client.MockWebServiceServerTestExecutionListener]
2022-05-19_13-35-27 [main] INFO  o.s.b.t.c.SpringBootTestContextBootstrapper - Using TestExecutionListeners: [org.springframework.test.context.web.ServletTestExecutionListener@34220581, org.springframework.test.context.support.DirtiesContextBeforeModesTestExecutionListener@5785b1b7, org.springframework.test.context.event.ApplicationEventsTestExecutionListener@1688ac20, org.springframework.boot.test.mock.mockito.MockitoTestExecutionListener@e5b7ed0, org.springframework.boot.test.autoconfigure.SpringBootDependencyInjectionTestExecutionListener@2af17c97, org.springframework.test.context.support.DirtiesContextTestExecutionListener@50836877, org.springframework.test.context.transaction.TransactionalTestExecutionListener@33937eb, org.springframework.test.context.jdbc.SqlScriptsTestExecutionListener@564174a2, org.springframework.security.test.context.support.WithSecurityContextTestExecutionListener@7775af39, org.springframework.test.context.event.EventPublishingTestExecutionListener@3c7eb170, org.springframework.security.test.context.support.ReactorContextTestExecutionListener@76b24f7b, org.springframework.boot.test.mock.mockito.ResetMocksTestExecutionListener@2b0bd16b, org.springframework.boot.test.autoconfigure.restdocs.RestDocsTestExecutionListener@71ddaf54, org.springframework.boot.test.autoconfigure.web.client.MockRestServiceServerResetTestExecutionListener@3861652e, org.springframework.boot.test.autoconfigure.web.servlet.MockMvcPrintOnlyOnFailureTestExecutionListener@5ccc3cce, org.springframework.boot.test.autoconfigure.web.servlet.WebDriverTestExecutionListener@29b93eb5, org.springframework.boot.test.autoconfigure.webservices.client.MockWebServiceServerTestExecutionListener@358283d9]
2022-05-19_13-36-22 [main] INFO  c.a.c.JwtAuthenticationControllerTest - Starting JwtAuthenticationControllerTest using Java 11.0.14.1 on DESKTOP-DAC986Q with PID 9572 (started by Elcot in E:\qa3\PMS-JAVA\Authorization-Microservice)
2022-05-19_13-36-22 [main] INFO  c.a.c.JwtAuthenticationControllerTest - No active profile set, falling back to default profiles: default
2022-05-19_13-36-22 [main] INFO  o.s.d.r.c.RepositoryConfigurationDelegate - Bootstrapping Spring Data JPA repositories in DEFAULT mode.
2022-05-19_13-36-22 [main] INFO  o.s.d.r.c.RepositoryConfigurationDelegate - Finished Spring Data repository scanning in 40 ms. Found 1 JPA repository interfaces.
2022-05-19_13-36-22 [main] INFO  o.s.cloud.context.scope.GenericScope - BeanFactory id=676d5576-c6b4-3070-9457-fad833ab0c39
2022-05-19_13-36-22 [main] INFO  o.h.jpa.internal.util.LogHelper - HHH000204: Processing PersistenceUnitInfo [name: default]
2022-05-19_13-36-22 [main] INFO  com.zaxxer.hikari.HikariDataSource - HikariPool-5 - Starting...
2022-05-19_13-36-22 [main] INFO  com.zaxxer.hikari.HikariDataSource - HikariPool-5 - Start completed.
2022-05-19_13-36-22 [main] INFO  org.hibernate.dialect.Dialect - HHH000400: Using dialect: org.hibernate.dialect.H2Dialect
2022-05-19_13-36-22 [main] INFO  o.h.e.t.j.p.i.JtaPlatformInitiator - HHH000490: Using JtaPlatform implementation: [org.hibernate.engine.transaction.jta.platform.internal.NoJtaPlatform]
2022-05-19_13-36-22 [main] INFO  o.s.o.j.LocalContainerEntityManagerFactoryBean - Initialized JPA EntityManagerFactory for persistence unit 'default'
2022-05-19_13-36-22 [main] INFO  o.s.b.a.h.H2ConsoleAutoConfiguration - H2 console available at '/h2-console'. Database available at 'jdbc:h2:mem:testdb'
2022-05-19_13-36-22 [main] INFO  o.s.b.a.e.web.EndpointLinksResolver - Exposing 2 endpoint(s) beneath base path '/actuator'
2022-05-19_13-36-22 [main] INFO  s.d.s.w.PropertySourcedRequestMappingHandlerMapping - Mapped URL path [/v2/api-docs] onto method [springfox.documentation.swagger2.web.Swagger2Controller#getDocumentation(String, HttpServletRequest)]
2022-05-19_13-36-22 [main] INFO  o.s.s.web.DefaultSecurityFilterChain - Will secure any request with [org.springframework.security.web.context.request.async.WebAsyncManagerIntegrationFilter@289bca85, org.springframework.security.web.context.SecurityContextPersistenceFilter@4611a950, org.springframework.security.web.header.HeaderWriterFilter@67ab557b, org.springframework.security.web.authentication.logout.LogoutFilter@524206cb, com.authorization.config.JwtRequestFilter@447e9202, org.springframework.security.web.savedrequest.RequestCacheAwareFilter@6fb38ea5, org.springframework.security.web.servletapi.SecurityContextHolderAwareRequestFilter@520e1ea5, org.springframework.security.web.authentication.AnonymousAuthenticationFilter@2c1312c1, org.springframework.security.web.session.SessionManagementFilter@52333498, org.springframework.security.web.access.ExceptionTranslationFilter@74ebbc13, org.springframework.security.web.access.intercept.FilterSecurityInterceptor@541cca3f]
2022-05-19_13-36-22 [main] INFO  o.s.s.c.ThreadPoolTaskExecutor - Initializing ExecutorService 'applicationTaskExecutor'
2022-05-19_13-36-22 [main] INFO  o.s.cloud.commons.util.InetUtils - Cannot determine local hostname
2022-05-19_13-36-22 [main] INFO  s.d.s.w.p.DocumentationPluginsBootstrapper - Context refreshed
2022-05-19_13-36-22 [main] INFO  s.d.s.w.p.DocumentationPluginsBootstrapper - Found 1 custom documentation plugin(s)
2022-05-19_13-36-22 [main] INFO  s.d.s.w.s.ApiListingReferenceScanner - Scanning for api listing references
2022-05-19_13-36-22 [main] INFO  s.d.s.w.r.o.CachingOperationNameGenerator - Generating unique operation named: handleUsingGET_1
2022-05-19_13-36-22 [main] INFO  s.d.s.w.r.o.CachingOperationNameGenerator - Generating unique operation named: handleUsingGET_2
2022-05-19_13-36-22 [main] INFO  c.a.c.JwtAuthenticationControllerTest - Started JwtAuthenticationControllerTest in 16.131 seconds (JVM running for 632.334)
2022-05-19_13-36-22 [main] INFO  o.s.b.t.c.SpringBootTestContextBootstrapper - Neither @ContextConfiguration nor @ContextHierarchy found for test class [com.authorization.exception.AuthorizationExceptionTest], using SpringBootContextLoader
2022-05-19_13-36-22 [main] INFO  o.s.t.c.s.AbstractContextLoader - Could not detect default resource locations for test class [com.authorization.exception.AuthorizationExceptionTest]: no resource found for suffixes {-context.xml, Context.groovy}.
2022-05-19_13-36-22 [main] INFO  o.s.t.c.s.AnnotationConfigContextLoaderUtils - Could not detect default configuration classes for test class [com.authorization.exception.AuthorizationExceptionTest]: AuthorizationExceptionTest does not declare any static, non-private, non-final, nested classes annotated with @Configuration.
2022-05-19_13-36-22 [main] INFO  o.s.b.t.c.SpringBootTestContextBootstrapper - Found @SpringBootConfiguration com.authorization.AuthorizationMicroserviceApplication for test class com.authorization.exception.AuthorizationExceptionTest
2022-05-19_13-36-22 [main] INFO  o.s.b.t.c.SpringBootTestContextBootstrapper - Loaded default TestExecutionListener class names from location [META-INF/spring.factories]: [org.springframework.security.test.context.support.WithSecurityContextTestExecutionListener, org.springframework.security.test.context.support.ReactorContextTestExecutionListener, org.springframework.test.context.web.ServletTestExecutionListener, org.springframework.test.context.support.DirtiesContextBeforeModesTestExecutionListener, org.springframework.test.context.event.ApplicationEventsTestExecutionListener, org.springframework.test.context.support.DependencyInjectionTestExecutionListener, org.springframework.test.context.support.DirtiesContextTestExecutionListener, org.springframework.test.context.transaction.TransactionalTestExecutionListener, org.springframework.test.context.jdbc.SqlScriptsTestExecutionListener, org.springframework.test.context.event.EventPublishingTestExecutionListener, org.springframework.boot.test.mock.mockito.MockitoTestExecutionListener, org.springframework.boot.test.mock.mockito.ResetMocksTestExecutionListener, org.springframework.boot.test.autoconfigure.restdocs.RestDocsTestExecutionListener, org.springframework.boot.test.autoconfigure.web.client.MockRestServiceServerResetTestExecutionListener, org.springframework.boot.test.autoconfigure.web.servlet.MockMvcPrintOnlyOnFailureTestExecutionListener, org.springframework.boot.test.autoconfigure.web.servlet.WebDriverTestExecutionListener, org.springframework.boot.test.autoconfigure.webservices.client.MockWebServiceServerTestExecutionListener]
2022-05-19_13-36-22 [main] INFO  o.s.b.t.c.SpringBootTestContextBootstrapper - Using TestExecutionListeners: [org.springframework.test.context.web.ServletTestExecutionListener@68ffbc99, org.springframework.test.context.support.DirtiesContextBeforeModesTestExecutionListener@3b678c5, org.springframework.test.context.event.ApplicationEventsTestExecutionListener@56a150d0, org.springframework.boot.test.mock.mockito.MockitoTestExecutionListener@2e86dfc5, org.springframework.boot.test.autoconfigure.SpringBootDependencyInjectionTestExecutionListener@3b88b5f8, org.springframework.test.context.support.DirtiesContextTestExecutionListener@bc8921c, org.springframework.test.context.transaction.TransactionalTestExecutionListener@57336465, org.springframework.test.context.jdbc.SqlScriptsTestExecutionListener@4f53f1b1, org.springframework.security.test.context.support.WithSecurityContextTestExecutionListener@310abad6, org.springframework.test.context.event.EventPublishingTestExecutionListener@7e1d8699, org.springframework.security.test.context.support.ReactorContextTestExecutionListener@3241c573, org.springframework.boot.test.mock.mockito.ResetMocksTestExecutionListener@62cf74f3, org.springframework.boot.test.autoconfigure.restdocs.RestDocsTestExecutionListener@6f7be76, org.springframework.boot.test.autoconfigure.web.client.MockRestServiceServerResetTestExecutionListener@14ccd97f, org.springframework.boot.test.autoconfigure.web.servlet.MockMvcPrintOnlyOnFailureTestExecutionListener@281aecc8, org.springframework.boot.test.autoconfigure.web.servlet.WebDriverTestExecutionListener@31eb7dd4, org.springframework.boot.test.autoconfigure.webservices.client.MockWebServiceServerTestExecutionListener@a547191]
2022-05-19_13-36-22 [main] INFO  o.s.b.t.c.SpringBootTestContextBootstrapper - Neither @ContextConfiguration nor @ContextHierarchy found for test class [com.authorization.exception.ExceptionDetailsTest], using SpringBootContextLoader
2022-05-19_13-36-22 [main] INFO  o.s.t.c.s.AbstractContextLoader - Could not detect default resource locations for test class [com.authorization.exception.ExceptionDetailsTest]: no resource found for suffixes {-context.xml, Context.groovy}.
2022-05-19_13-36-22 [main] INFO  o.s.t.c.s.AnnotationConfigContextLoaderUtils - Could not detect default configuration classes for test class [com.authorization.exception.ExceptionDetailsTest]: ExceptionDetailsTest does not declare any static, non-private, non-final, nested classes annotated with @Configuration.
2022-05-19_13-36-22 [main] INFO  o.s.b.t.c.SpringBootTestContextBootstrapper - Found @SpringBootConfiguration com.authorization.AuthorizationMicroserviceApplication for test class com.authorization.exception.ExceptionDetailsTest
2022-05-19_13-36-22 [main] INFO  o.s.b.t.c.SpringBootTestContextBootstrapper - Loaded default TestExecutionListener class names from location [META-INF/spring.factories]: [org.springframework.security.test.context.support.WithSecurityContextTestExecutionListener, org.springframework.security.test.context.support.ReactorContextTestExecutionListener, org.springframework.test.context.web.ServletTestExecutionListener, org.springframework.test.context.support.DirtiesContextBeforeModesTestExecutionListener, org.springframework.test.context.event.ApplicationEventsTestExecutionListener, org.springframework.test.context.support.DependencyInjectionTestExecutionListener, org.springframework.test.context.support.DirtiesContextTestExecutionListener, org.springframework.test.context.transaction.TransactionalTestExecutionListener, org.springframework.test.context.jdbc.SqlScriptsTestExecutionListener, org.springframework.test.context.event.EventPublishingTestExecutionListener, org.springframework.boot.test.mock.mockito.MockitoTestExecutionListener, org.springframework.boot.test.mock.mockito.ResetMocksTestExecutionListener, org.springframework.boot.test.autoconfigure.restdocs.RestDocsTestExecutionListener, org.springframework.boot.test.autoconfigure.web.client.MockRestServiceServerResetTestExecutionListener, org.springframework.boot.test.autoconfigure.web.servlet.MockMvcPrintOnlyOnFailureTestExecutionListener, org.springframework.boot.test.autoconfigure.web.servlet.WebDriverTestExecutionListener, org.springframework.boot.test.autoconfigure.webservices.client.MockWebServiceServerTestExecutionListener]
2022-05-19_13-36-22 [main] INFO  o.s.b.t.c.SpringBootTestContextBootstrapper - Using TestExecutionListeners: [org.springframework.test.context.web.ServletTestExecutionListener@6b52ff96, org.springframework.test.context.support.DirtiesContextBeforeModesTestExecutionListener@60dde2c2, org.springframework.test.context.event.ApplicationEventsTestExecutionListener@7e8011e2, org.springframework.boot.test.mock.mockito.MockitoTestExecutionListener@6c396a5a, org.springframework.boot.test.autoconfigure.SpringBootDependencyInjectionTestExecutionListener@10eb9604, org.springframework.test.context.support.DirtiesContextTestExecutionListener@1fafbd29, org.springframework.test.context.transaction.TransactionalTestExecutionListener@61deb03f, org.springframework.test.context.jdbc.SqlScriptsTestExecutionListener@46926de4, org.springframework.security.test.context.support.WithSecurityContextTestExecutionListener@a058884, org.springframework.test.context.event.EventPublishingTestExecutionListener@68212a18, org.springframework.security.test.context.support.ReactorContextTestExecutionListener@7cea206b, org.springframework.boot.test.mock.mockito.ResetMocksTestExecutionListener@29c29f5f, org.springframework.boot.test.autoconfigure.restdocs.RestDocsTestExecutionListener@f25634b, org.springframework.boot.test.autoconfigure.web.client.MockRestServiceServerResetTestExecutionListener@6eb5f95d, org.springframework.boot.test.autoconfigure.web.servlet.MockMvcPrintOnlyOnFailureTestExecutionListener@43717598, org.springframework.boot.test.autoconfigure.web.servlet.WebDriverTestExecutionListener@7ef432ce, org.springframework.boot.test.autoconfigure.webservices.client.MockWebServiceServerTestExecutionListener@5aef3960]
2022-05-19_13-36-22 [main] INFO  o.s.b.t.c.SpringBootTestContextBootstrapper - Neither @ContextConfiguration nor @ContextHierarchy found for test class [com.authorization.exception.GlobalExceptionHandlerTest], using SpringBootContextLoader
2022-05-19_13-36-22 [main] INFO  o.s.t.c.s.AbstractContextLoader - Could not detect default resource locations for test class [com.authorization.exception.GlobalExceptionHandlerTest]: no resource found for suffixes {-context.xml, Context.groovy}.
2022-05-19_13-36-22 [main] INFO  o.s.t.c.s.AnnotationConfigContextLoaderUtils - Could not detect default configuration classes for test class [com.authorization.exception.GlobalExceptionHandlerTest]: GlobalExceptionHandlerTest does not declare any static, non-private, non-final, nested classes annotated with @Configuration.
2022-05-19_13-36-22 [main] INFO  o.s.b.t.c.SpringBootTestContextBootstrapper - Found @SpringBootConfiguration com.authorization.AuthorizationMicroserviceApplication for test class com.authorization.exception.GlobalExceptionHandlerTest
2022-05-19_13-36-22 [main] INFO  o.s.b.t.c.SpringBootTestContextBootstrapper - Loaded default TestExecutionListener class names from location [META-INF/spring.factories]: [org.springframework.security.test.context.support.WithSecurityContextTestExecutionListener, org.springframework.security.test.context.support.ReactorContextTestExecutionListener, org.springframework.test.context.web.ServletTestExecutionListener, org.springframework.test.context.support.DirtiesContextBeforeModesTestExecutionListener, org.springframework.test.context.event.ApplicationEventsTestExecutionListener, org.springframework.test.context.support.DependencyInjectionTestExecutionListener, org.springframework.test.context.support.DirtiesContextTestExecutionListener, org.springframework.test.context.transaction.TransactionalTestExecutionListener, org.springframework.test.context.jdbc.SqlScriptsTestExecutionListener, org.springframework.test.context.event.EventPublishingTestExecutionListener, org.springframework.boot.test.mock.mockito.MockitoTestExecutionListener, org.springframework.boot.test.mock.mockito.ResetMocksTestExecutionListener, org.springframework.boot.test.autoconfigure.restdocs.RestDocsTestExecutionListener, org.springframework.boot.test.autoconfigure.web.client.MockRestServiceServerResetTestExecutionListener, org.springframework.boot.test.autoconfigure.web.servlet.MockMvcPrintOnlyOnFailureTestExecutionListener, org.springframework.boot.test.autoconfigure.web.servlet.WebDriverTestExecutionListener, org.springframework.boot.test.autoconfigure.webservices.client.MockWebServiceServerTestExecutionListener]
2022-05-19_13-36-22 [main] INFO  o.s.b.t.c.SpringBootTestContextBootstrapper - Using TestExecutionListeners: [org.springframework.test.context.web.ServletTestExecutionListener@cf91dc2, org.springframework.test.context.support.DirtiesContextBeforeModesTestExecutionListener@2ffe1104, org.springframework.test.context.event.ApplicationEventsTestExecutionListener@3e5de25e, org.springframework.boot.test.mock.mockito.MockitoTestExecutionListener@4cd21fb4, org.springframework.boot.test.autoconfigure.SpringBootDependencyInjectionTestExecutionListener@8810ce1, org.springframework.test.context.support.DirtiesContextTestExecutionListener@57a84ac4, org.springframework.test.context.transaction.TransactionalTestExecutionListener@6361d7d, org.springframework.test.context.jdbc.SqlScriptsTestExecutionListener@5ac59db0, org.springframework.security.test.context.support.WithSecurityContextTestExecutionListener@5a23740d, org.springframework.test.context.event.EventPublishingTestExecutionListener@4fc8ebe7, org.springframework.security.test.context.support.ReactorContextTestExecutionListener@7923ca96, org.springframework.boot.test.mock.mockito.ResetMocksTestExecutionListener@f7df01f, org.springframework.boot.test.autoconfigure.restdocs.RestDocsTestExecutionListener@4ebf6ee1, org.springframework.boot.test.autoconfigure.web.client.MockRestServiceServerResetTestExecutionListener@46202302, org.springframework.boot.test.autoconfigure.web.servlet.MockMvcPrintOnlyOnFailureTestExecutionListener@2130262a, org.springframework.boot.test.autoconfigure.web.servlet.WebDriverTestExecutionListener@412dd71b, org.springframework.boot.test.autoconfigure.webservices.client.MockWebServiceServerTestExecutionListener@745061b9]
2022-05-19_13-36-22 [main] INFO  o.s.b.t.c.SpringBootTestContextBootstrapper - Neither @ContextConfiguration nor @ContextHierarchy found for test class [com.authorization.model.JwtRequestTest], using SpringBootContextLoader
2022-05-19_13-36-22 [main] INFO  o.s.t.c.s.AbstractContextLoader - Could not detect default resource locations for test class [com.authorization.model.JwtRequestTest]: no resource found for suffixes {-context.xml, Context.groovy}.
2022-05-19_13-36-22 [main] INFO  o.s.t.c.s.AnnotationConfigContextLoaderUtils - Could not detect default configuration classes for test class [com.authorization.model.JwtRequestTest]: JwtRequestTest does not declare any static, non-private, non-final, nested classes annotated with @Configuration.
2022-05-19_13-36-22 [main] INFO  o.s.b.t.c.SpringBootTestContextBootstrapper - Found @SpringBootConfiguration com.authorization.AuthorizationMicroserviceApplication for test class com.authorization.model.JwtRequestTest
2022-05-19_13-36-22 [main] INFO  o.s.b.t.c.SpringBootTestContextBootstrapper - Loaded default TestExecutionListener class names from location [META-INF/spring.factories]: [org.springframework.security.test.context.support.WithSecurityContextTestExecutionListener, org.springframework.security.test.context.support.ReactorContextTestExecutionListener, org.springframework.test.context.web.ServletTestExecutionListener, org.springframework.test.context.support.DirtiesContextBeforeModesTestExecutionListener, org.springframework.test.context.event.ApplicationEventsTestExecutionListener, org.springframework.test.context.support.DependencyInjectionTestExecutionListener, org.springframework.test.context.support.DirtiesContextTestExecutionListener, org.springframework.test.context.transaction.TransactionalTestExecutionListener, org.springframework.test.context.jdbc.SqlScriptsTestExecutionListener, org.springframework.test.context.event.EventPublishingTestExecutionListener, org.springframework.boot.test.mock.mockito.MockitoTestExecutionListener, org.springframework.boot.test.mock.mockito.ResetMocksTestExecutionListener, org.springframework.boot.test.autoconfigure.restdocs.RestDocsTestExecutionListener, org.springframework.boot.test.autoconfigure.web.client.MockRestServiceServerResetTestExecutionListener, org.springframework.boot.test.autoconfigure.web.servlet.MockMvcPrintOnlyOnFailureTestExecutionListener, org.springframework.boot.test.autoconfigure.web.servlet.WebDriverTestExecutionListener, org.springframework.boot.test.autoconfigure.webservices.client.MockWebServiceServerTestExecutionListener]
2022-05-19_13-36-22 [main] INFO  o.s.b.t.c.SpringBootTestContextBootstrapper - Using TestExecutionListeners: [org.springframework.test.context.web.ServletTestExecutionListener@d55b14b, org.springframework.test.context.support.DirtiesContextBeforeModesTestExecutionListener@662107ea, org.springframework.test.context.event.ApplicationEventsTestExecutionListener@4125a698, org.springframework.boot.test.mock.mockito.MockitoTestExecutionListener@24cca357, org.springframework.boot.test.autoconfigure.SpringBootDependencyInjectionTestExecutionListener@4b3816c, org.springframework.test.context.support.DirtiesContextTestExecutionListener@6a43c847, org.springframework.test.context.transaction.TransactionalTestExecutionListener@6bea2f1, org.springframework.test.context.jdbc.SqlScriptsTestExecutionListener@47a96f6a, org.springframework.security.test.context.support.WithSecurityContextTestExecutionListener@5f892e12, org.springframework.test.context.event.EventPublishingTestExecutionListener@2b7cd454, org.springframework.security.test.context.support.ReactorContextTestExecutionListener@582642e0, org.springframework.boot.test.mock.mockito.ResetMocksTestExecutionListener@5478a4b1, org.springframework.boot.test.autoconfigure.restdocs.RestDocsTestExecutionListener@4297f992, org.springframework.boot.test.autoconfigure.web.client.MockRestServiceServerResetTestExecutionListener@f044be0, org.springframework.boot.test.autoconfigure.web.servlet.MockMvcPrintOnlyOnFailureTestExecutionListener@655f29a2, org.springframework.boot.test.autoconfigure.web.servlet.WebDriverTestExecutionListener@74134494, org.springframework.boot.test.autoconfigure.webservices.client.MockWebServiceServerTestExecutionListener@93568ed]
2022-05-19_13-36-22 [main] INFO  o.s.b.t.c.SpringBootTestContextBootstrapper - Neither @ContextConfiguration nor @ContextHierarchy found for test class [com.authorization.model.JwtResponseTest], using SpringBootContextLoader
2022-05-19_13-36-22 [main] INFO  o.s.t.c.s.AbstractContextLoader - Could not detect default resource locations for test class [com.authorization.model.JwtResponseTest]: no resource found for suffixes {-context.xml, Context.groovy}.
2022-05-19_13-36-22 [main] INFO  o.s.t.c.s.AnnotationConfigContextLoaderUtils - Could not detect default configuration classes for test class [com.authorization.model.JwtResponseTest]: JwtResponseTest does not declare any static, non-private, non-final, nested classes annotated with @Configuration.
2022-05-19_13-36-22 [main] INFO  o.s.b.t.c.SpringBootTestContextBootstrapper - Found @SpringBootConfiguration com.authorization.AuthorizationMicroserviceApplication for test class com.authorization.model.JwtResponseTest
2022-05-19_13-36-22 [main] INFO  o.s.b.t.c.SpringBootTestContextBootstrapper - Loaded default TestExecutionListener class names from location [META-INF/spring.factories]: [org.springframework.security.test.context.support.WithSecurityContextTestExecutionListener, org.springframework.security.test.context.support.ReactorContextTestExecutionListener, org.springframework.test.context.web.ServletTestExecutionListener, org.springframework.test.context.support.DirtiesContextBeforeModesTestExecutionListener, org.springframework.test.context.event.ApplicationEventsTestExecutionListener, org.springframework.test.context.support.DependencyInjectionTestExecutionListener, org.springframework.test.context.support.DirtiesContextTestExecutionListener, org.springframework.test.context.transaction.TransactionalTestExecutionListener, org.springframework.test.context.jdbc.SqlScriptsTestExecutionListener, org.springframework.test.context.event.EventPublishingTestExecutionListener, org.springframework.boot.test.mock.mockito.MockitoTestExecutionListener, org.springframework.boot.test.mock.mockito.ResetMocksTestExecutionListener, org.springframework.boot.test.autoconfigure.restdocs.RestDocsTestExecutionListener, org.springframework.boot.test.autoconfigure.web.client.MockRestServiceServerResetTestExecutionListener, org.springframework.boot.test.autoconfigure.web.servlet.MockMvcPrintOnlyOnFailureTestExecutionListener, org.springframework.boot.test.autoconfigure.web.servlet.WebDriverTestExecutionListener, org.springframework.boot.test.autoconfigure.webservices.client.MockWebServiceServerTestExecutionListener]
2022-05-19_13-36-22 [main] INFO  o.s.b.t.c.SpringBootTestContextBootstrapper - Using TestExecutionListeners: [org.springframework.test.context.web.ServletTestExecutionListener@287d5f50, org.springframework.test.context.support.DirtiesContextBeforeModesTestExecutionListener@2ab75fdc, org.springframework.test.context.event.ApplicationEventsTestExecutionListener@4509f40f, org.springframework.boot.test.mock.mockito.MockitoTestExecutionListener@e78bdea, org.springframework.boot.test.autoconfigure.SpringBootDependencyInjectionTestExecutionListener@4c3df4aa, org.springframework.test.context.support.DirtiesContextTestExecutionListener@5ce40b4e, org.springframework.test.context.transaction.TransactionalTestExecutionListener@56c73551, org.springframework.test.context.jdbc.SqlScriptsTestExecutionListener@1d1b458e, org.springframework.security.test.context.support.WithSecurityContextTestExecutionListener@3e207a23, org.springframework.test.context.event.EventPublishingTestExecutionListener@4262a8d2, org.springframework.security.test.context.support.ReactorContextTestExecutionListener@2d607072, org.springframework.boot.test.mock.mockito.ResetMocksTestExecutionListener@6a907765, org.springframework.boot.test.autoconfigure.restdocs.RestDocsTestExecutionListener@57dcf976, org.springframework.boot.test.autoconfigure.web.client.MockRestServiceServerResetTestExecutionListener@afef67, org.springframework.boot.test.autoconfigure.web.servlet.MockMvcPrintOnlyOnFailureTestExecutionListener@2e62ece0, org.springframework.boot.test.autoconfigure.web.servlet.WebDriverTestExecutionListener@47209d16, org.springframework.boot.test.autoconfigure.webservices.client.MockWebServiceServerTestExecutionListener@7787cbcd]
2022-05-19_13-36-22 [main] INFO  o.s.b.t.c.SpringBootTestContextBootstrapper - Neither @ContextConfiguration nor @ContextHierarchy found for test class [com.authorization.model.UserModelTest], using SpringBootContextLoader
2022-05-19_13-36-22 [main] INFO  o.s.t.c.s.AbstractContextLoader - Could not detect default resource locations for test class [com.authorization.model.UserModelTest]: no resource found for suffixes {-context.xml, Context.groovy}.
2022-05-19_13-36-22 [main] INFO  o.s.t.c.s.AnnotationConfigContextLoaderUtils - Could not detect default configuration classes for test class [com.authorization.model.UserModelTest]: UserModelTest does not declare any static, non-private, non-final, nested classes annotated with @Configuration.
2022-05-19_13-36-22 [main] INFO  o.s.b.t.c.SpringBootTestContextBootstrapper - Found @SpringBootConfiguration com.authorization.AuthorizationMicroserviceApplication for test class com.authorization.model.UserModelTest
2022-05-19_13-36-22 [main] INFO  o.s.b.t.c.SpringBootTestContextBootstrapper - Loaded default TestExecutionListener class names from location [META-INF/spring.factories]: [org.springframework.security.test.context.support.WithSecurityContextTestExecutionListener, org.springframework.security.test.context.support.ReactorContextTestExecutionListener, org.springframework.test.context.web.ServletTestExecutionListener, org.springframework.test.context.support.DirtiesContextBeforeModesTestExecutionListener, org.springframework.test.context.event.ApplicationEventsTestExecutionListener, org.springframework.test.context.support.DependencyInjectionTestExecutionListener, org.springframework.test.context.support.DirtiesContextTestExecutionListener, org.springframework.test.context.transaction.TransactionalTestExecutionListener, org.springframework.test.context.jdbc.SqlScriptsTestExecutionListener, org.springframework.test.context.event.EventPublishingTestExecutionListener, org.springframework.boot.test.mock.mockito.MockitoTestExecutionListener, org.springframework.boot.test.mock.mockito.ResetMocksTestExecutionListener, org.springframework.boot.test.autoconfigure.restdocs.RestDocsTestExecutionListener, org.springframework.boot.test.autoconfigure.web.client.MockRestServiceServerResetTestExecutionListener, org.springframework.boot.test.autoconfigure.web.servlet.MockMvcPrintOnlyOnFailureTestExecutionListener, org.springframework.boot.test.autoconfigure.web.servlet.WebDriverTestExecutionListener, org.springframework.boot.test.autoconfigure.webservices.client.MockWebServiceServerTestExecutionListener]
2022-05-19_13-36-22 [main] INFO  o.s.b.t.c.SpringBootTestContextBootstrapper - Using TestExecutionListeners: [org.springframework.test.context.web.ServletTestExecutionListener@31102e84, org.springframework.test.context.support.DirtiesContextBeforeModesTestExecutionListener@729bdd9d, org.springframework.test.context.event.ApplicationEventsTestExecutionListener@3b8bb9a0, org.springframework.boot.test.mock.mockito.MockitoTestExecutionListener@55fd98e2, org.springframework.boot.test.autoconfigure.SpringBootDependencyInjectionTestExecutionListener@65a9e8d7, org.springframework.test.context.support.DirtiesContextTestExecutionListener@49f2b6ca, org.springframework.test.context.transaction.TransactionalTestExecutionListener@2fd250ed, org.springframework.test.context.jdbc.SqlScriptsTestExecutionListener@16d1f77d, org.springframework.security.test.context.support.WithSecurityContextTestExecutionListener@3c945a20, org.springframework.test.context.event.EventPublishingTestExecutionListener@608cff9e, org.springframework.security.test.context.support.ReactorContextTestExecutionListener@5de49e5a, org.springframework.boot.test.mock.mockito.ResetMocksTestExecutionListener@4497e084, org.springframework.boot.test.autoconfigure.restdocs.RestDocsTestExecutionListener@5a4cf76c, org.springframework.boot.test.autoconfigure.web.client.MockRestServiceServerResetTestExecutionListener@5d3b93b4, org.springframework.boot.test.autoconfigure.web.servlet.MockMvcPrintOnlyOnFailureTestExecutionListener@2454d007, org.springframework.boot.test.autoconfigure.web.servlet.WebDriverTestExecutionListener@5f3c97c9, org.springframework.boot.test.autoconfigure.webservices.client.MockWebServiceServerTestExecutionListener@6276fcd5]
2022-05-19_13-36-22 [main] INFO  o.s.b.t.a.o.j.DataJpaTestContextBootstrapper - Neither @ContextConfiguration nor @ContextHierarchy found for test class [com.authorization.repository.UserDaoTest], using SpringBootContextLoader
2022-05-19_13-36-22 [main] INFO  o.s.t.c.s.AbstractContextLoader - Could not detect default resource locations for test class [com.authorization.repository.UserDaoTest]: no resource found for suffixes {-context.xml, Context.groovy}.
2022-05-19_13-36-22 [main] INFO  o.s.t.c.s.AnnotationConfigContextLoaderUtils - Could not detect default configuration classes for test class [com.authorization.repository.UserDaoTest]: UserDaoTest does not declare any static, non-private, non-final, nested classes annotated with @Configuration.
2022-05-19_13-36-22 [main] INFO  o.s.b.t.c.SpringBootTestContextBootstrapper - Found @SpringBootConfiguration com.authorization.AuthorizationMicroserviceApplication for test class com.authorization.repository.UserDaoTest
2022-05-19_13-36-22 [main] INFO  o.s.b.t.a.o.j.DataJpaTestContextBootstrapper - Loaded default TestExecutionListener class names from location [META-INF/spring.factories]: [org.springframework.security.test.context.support.WithSecurityContextTestExecutionListener, org.springframework.security.test.context.support.ReactorContextTestExecutionListener, org.springframework.test.context.web.ServletTestExecutionListener, org.springframework.test.context.support.DirtiesContextBeforeModesTestExecutionListener, org.springframework.test.context.event.ApplicationEventsTestExecutionListener, org.springframework.test.context.support.DependencyInjectionTestExecutionListener, org.springframework.test.context.support.DirtiesContextTestExecutionListener, org.springframework.test.context.transaction.TransactionalTestExecutionListener, org.springframework.test.context.jdbc.SqlScriptsTestExecutionListener, org.springframework.test.context.event.EventPublishingTestExecutionListener, org.springframework.boot.test.mock.mockito.MockitoTestExecutionListener, org.springframework.boot.test.mock.mockito.ResetMocksTestExecutionListener, org.springframework.boot.test.autoconfigure.restdocs.RestDocsTestExecutionListener, org.springframework.boot.test.autoconfigure.web.client.MockRestServiceServerResetTestExecutionListener, org.springframework.boot.test.autoconfigure.web.servlet.MockMvcPrintOnlyOnFailureTestExecutionListener, org.springframework.boot.test.autoconfigure.web.servlet.WebDriverTestExecutionListener, org.springframework.boot.test.autoconfigure.webservices.client.MockWebServiceServerTestExecutionListener]
2022-05-19_13-36-22 [main] INFO  o.s.b.t.a.o.j.DataJpaTestContextBootstrapper - Using TestExecutionListeners: [org.springframework.test.context.web.ServletTestExecutionListener@37f5c0cf, org.springframework.test.context.support.DirtiesContextBeforeModesTestExecutionListener@3ccbc947, org.springframework.test.context.event.ApplicationEventsTestExecutionListener@669cb3c7, org.springframework.boot.test.mock.mockito.MockitoTestExecutionListener@3675ad98, org.springframework.boot.test.autoconfigure.SpringBootDependencyInjectionTestExecutionListener@2f1ff021, org.springframework.test.context.support.DirtiesContextTestExecutionListener@4d7c8574, org.springframework.test.context.transaction.TransactionalTestExecutionListener@4e7d1597, org.springframework.test.context.jdbc.SqlScriptsTestExecutionListener@557f78ad, org.springframework.security.test.context.support.WithSecurityContextTestExecutionListener@53104db, org.springframework.test.context.event.EventPublishingTestExecutionListener@2c4f762c, org.springframework.security.test.context.support.ReactorContextTestExecutionListener@ab80f9f, org.springframework.boot.test.mock.mockito.ResetMocksTestExecutionListener@242ca475, org.springframework.boot.test.autoconfigure.restdocs.RestDocsTestExecutionListener@29b66bf7, org.springframework.boot.test.autoconfigure.web.client.MockRestServiceServerResetTestExecutionListener@7e1f96fb, org.springframework.boot.test.autoconfigure.web.servlet.MockMvcPrintOnlyOnFailureTestExecutionListener@3411ba50, org.springframework.boot.test.autoconfigure.web.servlet.WebDriverTestExecutionListener@755fbfab, org.springframework.boot.test.autoconfigure.webservices.client.MockWebServiceServerTestExecutionListener@6fac8b24]
2022-05-19_13-36-50 [main] INFO  c.a.repository.UserDaoTest - Starting UserDaoTest using Java 11.0.14.1 on DESKTOP-DAC986Q with PID 9572 (started by Elcot in E:\qa3\PMS-JAVA\Authorization-Microservice)
2022-05-19_13-36-50 [main] INFO  c.a.repository.UserDaoTest - No active profile set, falling back to default profiles: default
2022-05-19_13-36-50 [main] INFO  o.s.d.r.c.RepositoryConfigurationDelegate - Bootstrapping Spring Data JPA repositories in DEFAULT mode.
2022-05-19_13-36-50 [main] INFO  o.s.d.r.c.RepositoryConfigurationDelegate - Finished Spring Data repository scanning in 304 ms. Found 1 JPA repository interfaces.
2022-05-19_13-36-50 [main] INFO  o.s.b.t.a.j.TestDatabaseAutoConfiguration$EmbeddedDataSourceBeanFactoryPostProcessor - Replacing 'dataSource' DataSource bean with embedded version
2022-05-19_13-36-50 [main] INFO  o.s.j.d.e.EmbeddedDatabaseFactory - Starting embedded database: url='jdbc:h2:mem:b562796b-73e6-4c6a-84eb-da9c0322314e;DB_CLOSE_DELAY=-1;DB_CLOSE_ON_EXIT=false', username='sa'
2022-05-19_13-36-50 [main] INFO  o.h.jpa.internal.util.LogHelper - HHH000204: Processing PersistenceUnitInfo [name: default]
2022-05-19_13-36-50 [main] INFO  org.hibernate.dialect.Dialect - HHH000400: Using dialect: org.hibernate.dialect.H2Dialect
2022-05-19_13-36-50 [main] INFO  o.h.e.t.j.p.i.JtaPlatformInitiator - HHH000490: Using JtaPlatform implementation: [org.hibernate.engine.transaction.jta.platform.internal.NoJtaPlatform]
2022-05-19_13-36-50 [main] INFO  o.s.o.j.LocalContainerEntityManagerFactoryBean - Initialized JPA EntityManagerFactory for persistence unit 'default'
2022-05-19_13-36-50 [main] INFO  c.a.repository.UserDaoTest - Started UserDaoTest in 5.999 seconds (JVM running for 650.142)
2022-05-19_13-36-50 [main] INFO  o.s.t.c.t.TransactionContext - Began transaction (1) for test context [DefaultTestContext@1496a4ca testClass = UserDaoTest, testInstance = com.authorization.repository.UserDaoTest@78702475, testMethod = testUserDaoFindByName@UserDaoTest, testException = [null], mergedContextConfiguration = [MergedContextConfiguration@754326ca testClass = UserDaoTest, locations = '{}', classes = '{class com.authorization.AuthorizationMicroserviceApplication}', contextInitializerClasses = '[]', activeProfiles = '{}', propertySourceLocations = '{}', propertySourceProperties = '{org.springframework.boot.test.autoconfigure.orm.jpa.DataJpaTestContextBootstrapper=true}', contextCustomizers = set[[ImportsContextCustomizer@507099cc key = [org.springframework.boot.autoconfigure.cache.CacheAutoConfiguration, org.springframework.boot.autoconfigure.data.jpa.JpaRepositoriesAutoConfiguration, org.springframework.boot.autoconfigure.flyway.FlywayAutoConfiguration, org.springframework.boot.autoconfigure.jdbc.DataSourceAutoConfiguration, org.springframework.boot.autoconfigure.jdbc.DataSourceTransactionManagerAutoConfiguration, org.springframework.boot.autoconfigure.jdbc.JdbcTemplateAutoConfiguration, org.springframework.boot.autoconfigure.liquibase.LiquibaseAutoConfiguration, org.springframework.boot.autoconfigure.orm.jpa.HibernateJpaAutoConfiguration, org.springframework.boot.autoconfigure.transaction.TransactionAutoConfiguration, org.springframework.boot.test.autoconfigure.jdbc.TestDatabaseAutoConfiguration, org.springframework.boot.test.autoconfigure.orm.jpa.TestEntityManagerAutoConfiguration]], org.springframework.boot.test.context.filter.ExcludeFilterContextCustomizer@61ce23ac, org.springframework.boot.test.json.DuplicateJsonObjectContextCustomizerFactory$DuplicateJsonObjectContextCustomizer@6f2cfcc2, org.springframework.boot.test.mock.mockito.MockitoContextCustomizer@52137bc6, org.springframework.boot.test.autoconfigure.OverrideAutoConfigurationContextCustomizerFactory$DisableAutoConfigurationContextCustomizer@9d45e6e, org.springframework.boot.test.autoconfigure.actuate.metrics.MetricsExportContextCustomizerFactory$DisableMetricExportContextCustomizer@6b98a075, org.springframework.boot.test.autoconfigure.filter.TypeExcludeFiltersContextCustomizer@351584c0, org.springframework.boot.test.autoconfigure.properties.PropertyMappingContextCustomizer@f56af68c, org.springframework.boot.test.autoconfigure.web.servlet.WebDriverContextCustomizerFactory$Customizer@2b5f4d54, org.springframework.boot.test.context.SpringBootTestArgs@1, org.springframework.boot.test.context.SpringBootTestWebEnvironment@0], contextLoader = 'org.springframework.boot.test.context.SpringBootContextLoader', parent = [null]], attributes = map['org.springframework.test.context.event.ApplicationEventsTestExecutionListener.recordApplicationEvents' -> false]]; transaction manager [org.springframework.orm.jpa.JpaTransactionManager@459cfed4]; rollback [true]
2022-05-19_13-36-50 [main] INFO  o.s.t.c.t.TransactionContext - Rolled back transaction for test: [DefaultTestContext@1496a4ca testClass = UserDaoTest, testInstance = com.authorization.repository.UserDaoTest@78702475, testMethod = testUserDaoFindByName@UserDaoTest, testException = [null], mergedContextConfiguration = [MergedContextConfiguration@754326ca testClass = UserDaoTest, locations = '{}', classes = '{class com.authorization.AuthorizationMicroserviceApplication}', contextInitializerClasses = '[]', activeProfiles = '{}', propertySourceLocations = '{}', propertySourceProperties = '{org.springframework.boot.test.autoconfigure.orm.jpa.DataJpaTestContextBootstrapper=true}', contextCustomizers = set[[ImportsContextCustomizer@507099cc key = [org.springframework.boot.autoconfigure.cache.CacheAutoConfiguration, org.springframework.boot.autoconfigure.data.jpa.JpaRepositoriesAutoConfiguration, org.springframework.boot.autoconfigure.flyway.FlywayAutoConfiguration, org.springframework.boot.autoconfigure.jdbc.DataSourceAutoConfiguration, org.springframework.boot.autoconfigure.jdbc.DataSourceTransactionManagerAutoConfiguration, org.springframework.boot.autoconfigure.jdbc.JdbcTemplateAutoConfiguration, org.springframework.boot.autoconfigure.liquibase.LiquibaseAutoConfiguration, org.springframework.boot.autoconfigure.orm.jpa.HibernateJpaAutoConfiguration, org.springframework.boot.autoconfigure.transaction.TransactionAutoConfiguration, org.springframework.boot.test.autoconfigure.jdbc.TestDatabaseAutoConfiguration, org.springframework.boot.test.autoconfigure.orm.jpa.TestEntityManagerAutoConfiguration]], org.springframework.boot.test.context.filter.ExcludeFilterContextCustomizer@61ce23ac, org.springframework.boot.test.json.DuplicateJsonObjectContextCustomizerFactory$DuplicateJsonObjectContextCustomizer@6f2cfcc2, org.springframework.boot.test.mock.mockito.MockitoContextCustomizer@52137bc6, org.springframework.boot.test.autoconfigure.OverrideAutoConfigurationContextCustomizerFactory$DisableAutoConfigurationContextCustomizer@9d45e6e, org.springframework.boot.test.autoconfigure.actuate.metrics.MetricsExportContextCustomizerFactory$DisableMetricExportContextCustomizer@6b98a075, org.springframework.boot.test.autoconfigure.filter.TypeExcludeFiltersContextCustomizer@351584c0, org.springframework.boot.test.autoconfigure.properties.PropertyMappingContextCustomizer@f56af68c, org.springframework.boot.test.autoconfigure.web.servlet.WebDriverContextCustomizerFactory$Customizer@2b5f4d54, org.springframework.boot.test.context.SpringBootTestArgs@1, org.springframework.boot.test.context.SpringBootTestWebEnvironment@0], contextLoader = 'org.springframework.boot.test.context.SpringBootContextLoader', parent = [null]], attributes = map['org.springframework.test.context.event.ApplicationEventsTestExecutionListener.recordApplicationEvents' -> false]]
2022-05-19_13-36-50 [main] INFO  o.s.b.t.c.SpringBootTestContextBootstrapper - Neither @ContextConfiguration nor @ContextHierarchy found for test class [com.authorization.service.JwtUserDetailsServiceTest], using SpringBootContextLoader
2022-05-19_13-36-50 [main] INFO  o.s.t.c.s.AbstractContextLoader - Could not detect default resource locations for test class [com.authorization.service.JwtUserDetailsServiceTest]: no resource found for suffixes {-context.xml, Context.groovy}.
2022-05-19_13-36-50 [main] INFO  o.s.t.c.s.AnnotationConfigContextLoaderUtils - Could not detect default configuration classes for test class [com.authorization.service.JwtUserDetailsServiceTest]: JwtUserDetailsServiceTest does not declare any static, non-private, non-final, nested classes annotated with @Configuration.
2022-05-19_13-36-50 [main] INFO  o.s.b.t.c.SpringBootTestContextBootstrapper - Found @SpringBootConfiguration com.authorization.AuthorizationMicroserviceApplication for test class com.authorization.service.JwtUserDetailsServiceTest
2022-05-19_13-36-50 [main] INFO  o.s.b.t.c.SpringBootTestContextBootstrapper - Loaded default TestExecutionListener class names from location [META-INF/spring.factories]: [org.springframework.security.test.context.support.WithSecurityContextTestExecutionListener, org.springframework.security.test.context.support.ReactorContextTestExecutionListener, org.springframework.test.context.web.ServletTestExecutionListener, org.springframework.test.context.support.DirtiesContextBeforeModesTestExecutionListener, org.springframework.test.context.event.ApplicationEventsTestExecutionListener, org.springframework.test.context.support.DependencyInjectionTestExecutionListener, org.springframework.test.context.support.DirtiesContextTestExecutionListener, org.springframework.test.context.transaction.TransactionalTestExecutionListener, org.springframework.test.context.jdbc.SqlScriptsTestExecutionListener, org.springframework.test.context.event.EventPublishingTestExecutionListener, org.springframework.boot.test.mock.mockito.MockitoTestExecutionListener, org.springframework.boot.test.mock.mockito.ResetMocksTestExecutionListener, org.springframework.boot.test.autoconfigure.restdocs.RestDocsTestExecutionListener, org.springframework.boot.test.autoconfigure.web.client.MockRestServiceServerResetTestExecutionListener, org.springframework.boot.test.autoconfigure.web.servlet.MockMvcPrintOnlyOnFailureTestExecutionListener, org.springframework.boot.test.autoconfigure.web.servlet.WebDriverTestExecutionListener, org.springframework.boot.test.autoconfigure.webservices.client.MockWebServiceServerTestExecutionListener]
2022-05-19_13-36-50 [main] INFO  o.s.b.t.c.SpringBootTestContextBootstrapper - Using TestExecutionListeners: [org.springframework.test.context.web.ServletTestExecutionListener@3c55ef94, org.springframework.test.context.support.DirtiesContextBeforeModesTestExecutionListener@6f893ea5, org.springframework.test.context.event.ApplicationEventsTestExecutionListener@3891e688, org.springframework.boot.test.mock.mockito.MockitoTestExecutionListener@f41b4fd, org.springframework.boot.test.autoconfigure.SpringBootDependencyInjectionTestExecutionListener@1cfbc3ce, org.springframework.test.context.support.DirtiesContextTestExecutionListener@3a21aae2, org.springframework.test.context.transaction.TransactionalTestExecutionListener@d33be88, org.springframework.test.context.jdbc.SqlScriptsTestExecutionListener@f57058f, org.springframework.security.test.context.support.WithSecurityContextTestExecutionListener@4d704218, org.springframework.test.context.event.EventPublishingTestExecutionListener@7ab187ee, org.springframework.security.test.context.support.ReactorContextTestExecutionListener@6ae6a1ce, org.springframework.boot.test.mock.mockito.ResetMocksTestExecutionListener@5daaaa60, org.springframework.boot.test.autoconfigure.restdocs.RestDocsTestExecutionListener@1205434f, org.springframework.boot.test.autoconfigure.web.client.MockRestServiceServerResetTestExecutionListener@64fd2816, org.springframework.boot.test.autoconfigure.web.servlet.MockMvcPrintOnlyOnFailureTestExecutionListener@3b4a0d96, org.springframework.boot.test.autoconfigure.web.servlet.WebDriverTestExecutionListener@33bb4935, org.springframework.boot.test.autoconfigure.webservices.client.MockWebServiceServerTestExecutionListener@b1c7b36]
2022-05-19_13-36-50 [main] INFO  c.a.service.JwtUserDetailsService - User found
2022-05-19_13-36-50 [main] INFO  c.a.service.JwtUserDetailsService - user successfully located
2022-05-19_13-36-50 [SpringContextShutdownHook] INFO  o.s.o.j.LocalContainerEntityManagerFactoryBean - Closing JPA EntityManagerFactory for persistence unit 'default'
2022-05-19_13-36-50 [SpringContextShutdownHook] INFO  o.h.t.s.i.SchemaDropperImpl$DelayedDropActionImpl - HHH000477: Starting delayed evictData of schema as part of SessionFactory shut-down'
2022-05-19_13-36-50 [SpringContextShutdownHook] INFO  o.s.s.c.ThreadPoolTaskExecutor - Shutting down ExecutorService 'applicationTaskExecutor'
2022-05-19_13-36-50 [SpringContextShutdownHook] INFO  o.s.s.c.ThreadPoolTaskExecutor - Shutting down ExecutorService 'applicationTaskExecutor'
2022-05-19_13-36-50 [SpringContextShutdownHook] INFO  o.s.s.c.ThreadPoolTaskExecutor - Shutting down ExecutorService 'applicationTaskExecutor'
2022-05-19_13-36-50 [SpringContextShutdownHook] INFO  o.s.s.c.ThreadPoolTaskExecutor - Shutting down ExecutorService 'applicationTaskExecutor'
2022-05-19_13-36-50 [SpringContextShutdownHook] INFO  o.s.o.j.LocalContainerEntityManagerFactoryBean - Closing JPA EntityManagerFactory for persistence unit 'default'
2022-05-19_13-36-50 [SpringContextShutdownHook] INFO  o.h.t.s.i.SchemaDropperImpl$DelayedDropActionImpl - HHH000477: Starting delayed evictData of schema as part of SessionFactory shut-down'
2022-05-19_13-36-50 [SpringContextShutdownHook] INFO  o.s.o.j.LocalContainerEntityManagerFactoryBean - Closing JPA EntityManagerFactory for persistence unit 'default'
2022-05-19_13-36-50 [SpringContextShutdownHook] INFO  o.h.t.s.i.SchemaDropperImpl$DelayedDropActionImpl - HHH000477: Starting delayed evictData of schema as part of SessionFactory shut-down'
2022-05-19_13-36-50 [SpringContextShutdownHook] INFO  o.s.o.j.LocalContainerEntityManagerFactoryBean - Closing JPA EntityManagerFactory for persistence unit 'default'
2022-05-19_13-36-50 [SpringContextShutdownHook] INFO  o.h.t.s.i.SchemaDropperImpl$DelayedDropActionImpl - HHH000477: Starting delayed evictData of schema as part of SessionFactory shut-down'
2022-05-19_13-36-50 [SpringContextShutdownHook] INFO  o.s.o.j.LocalContainerEntityManagerFactoryBean - Closing JPA EntityManagerFactory for persistence unit 'default'
2022-05-19_13-36-50 [SpringContextShutdownHook] INFO  o.h.t.s.i.SchemaDropperImpl$DelayedDropActionImpl - HHH000477: Starting delayed evictData of schema as part of SessionFactory shut-down'
2022-05-19_13-36-50 [SpringContextShutdownHook] INFO  com.zaxxer.hikari.HikariDataSource - HikariPool-5 - Shutdown initiated...
2022-05-19_13-36-50 [SpringContextShutdownHook] INFO  com.zaxxer.hikari.HikariDataSource - HikariPool-4 - Shutdown initiated...
2022-05-19_13-36-50 [SpringContextShutdownHook] INFO  com.zaxxer.hikari.HikariDataSource - HikariPool-1 - Shutdown initiated...
2022-05-19_13-36-50 [SpringContextShutdownHook] INFO  com.zaxxer.hikari.HikariDataSource - HikariPool-3 - Shutdown initiated...
2022-05-19_13-36-50 [SpringContextShutdownHook] INFO  com.zaxxer.hikari.HikariDataSource - HikariPool-1 - Shutdown completed.
2022-05-19_13-36-50 [SpringContextShutdownHook] INFO  com.zaxxer.hikari.HikariDataSource - HikariPool-5 - Shutdown completed.
2022-05-19_13-36-50 [SpringContextShutdownHook] INFO  com.zaxxer.hikari.HikariDataSource - HikariPool-3 - Shutdown completed.
2022-05-19_13-36-50 [SpringContextShutdownHook] INFO  com.zaxxer.hikari.HikariDataSource - HikariPool-4 - Shutdown completed.
2022-05-19_13-36-50 [SpringContextShutdownHook] INFO  o.s.s.c.ThreadPoolTaskExecutor - Shutting down ExecutorService 'applicationTaskExecutor'
2022-05-19_13-36-50 [SpringContextShutdownHook] INFO  o.s.o.j.LocalContainerEntityManagerFactoryBean - Closing JPA EntityManagerFactory for persistence unit 'default'
2022-05-19_13-36-50 [SpringContextShutdownHook] INFO  o.h.t.s.i.SchemaDropperImpl$DelayedDropActionImpl - HHH000477: Starting delayed evictData of schema as part of SessionFactory shut-down'
2022-05-19_13-36-50 [SpringContextShutdownHook] INFO  com.zaxxer.hikari.HikariDataSource - HikariPool-2 - Shutdown initiated...
2022-05-19_13-36-50 [SpringContextShutdownHook] INFO  com.zaxxer.hikari.HikariDataSource - HikariPool-2 - Shutdown completed.
